2015-12-13 18:27:31,046 [0.0.0.0-startStop-1] DEBUG ROOT - Starting up context oflaDemo
2015-12-13 18:27:35,609 [Launcher:/oflaDemo] INFO  org.red5.demos.oflaDemo.DemoService - oflaDemo DemoService created
2015-12-13 18:29:02,997 [RTMPConnectionExecutor-4] DEBUG org.red5.demos.oflaDemo.DemoService - Getting the media files
2015-12-13 18:29:03,001 [RTMPConnectionExecutor-4] DEBUG org.red5.demos.oflaDemo.DemoService - flvName: red5RecordDemo5683.flv
2015-12-13 18:29:03,001 [RTMPConnectionExecutor-4] DEBUG org.red5.demos.oflaDemo.DemoService - lastModified date: 13/12/15 18:28:11
2015-12-13 18:29:03,001 [RTMPConnectionExecutor-4] DEBUG org.red5.demos.oflaDemo.DemoService - flvBytes: 114182
2015-12-13 18:29:03,001 [RTMPConnectionExecutor-4] DEBUG org.red5.demos.oflaDemo.DemoService - -------
2015-12-13 18:30:17,772 [RTMPConnectionExecutor-3] DEBUG org.red5.demos.oflaDemo.DemoService - Getting the media files
2015-12-13 18:30:17,774 [RTMPConnectionExecutor-3] DEBUG org.red5.demos.oflaDemo.DemoService - flvName: red5RecordDemo5683.flv
2015-12-13 18:30:17,774 [RTMPConnectionExecutor-3] DEBUG org.red5.demos.oflaDemo.DemoService - lastModified date: 13/12/15 18:28:11
2015-12-13 18:30:17,774 [RTMPConnectionExecutor-3] DEBUG org.red5.demos.oflaDemo.DemoService - flvBytes: 114182
2015-12-13 18:30:17,774 [RTMPConnectionExecutor-3] DEBUG org.red5.demos.oflaDemo.DemoService - -------
2015-12-13 18:36:27,561 [RTMPConnectionExecutor-1] DEBUG org.red5.demos.oflaDemo.DemoService - Getting the media files
2015-12-13 18:36:27,564 [RTMPConnectionExecutor-1] DEBUG org.red5.demos.oflaDemo.DemoService - flvName: red5RecordDemo5683.flv
2015-12-13 18:36:27,565 [RTMPConnectionExecutor-1] DEBUG org.red5.demos.oflaDemo.DemoService - lastModified date: 13/12/15 18:28:11
2015-12-13 18:36:27,565 [RTMPConnectionExecutor-1] DEBUG org.red5.demos.oflaDemo.DemoService - flvBytes: 114182
2015-12-13 18:36:27,565 [RTMPConnectionExecutor-1] DEBUG org.red5.demos.oflaDemo.DemoService - -------
2015-12-13 18:36:27,566 [RTMPConnectionExecutor-1] DEBUG org.red5.demos.oflaDemo.DemoService - flvName: stream1450002751898.flv
2015-12-13 18:36:27,566 [RTMPConnectionExecutor-1] DEBUG org.red5.demos.oflaDemo.DemoService - lastModified date: 13/12/15 18:35:33
2015-12-13 18:36:27,566 [RTMPConnectionExecutor-1] DEBUG org.red5.demos.oflaDemo.DemoService - flvBytes: 0
2015-12-13 18:36:27,566 [RTMPConnectionExecutor-1] DEBUG org.red5.demos.oflaDemo.DemoService - -------
2015-12-13 18:36:51,558 [RTMPConnectionExecutor-2] DEBUG org.red5.demos.oflaDemo.DemoService - Getting the media files
2015-12-13 18:36:51,561 [RTMPConnectionExecutor-2] DEBUG org.red5.demos.oflaDemo.DemoService - flvName: red5RecordDemo5683.flv
2015-12-13 18:36:51,561 [RTMPConnectionExecutor-2] DEBUG org.red5.demos.oflaDemo.DemoService - lastModified date: 13/12/15 18:28:11
2015-12-13 18:36:51,561 [RTMPConnectionExecutor-2] DEBUG org.red5.demos.oflaDemo.DemoService - flvBytes: 114182
2015-12-13 18:36:51,561 [RTMPConnectionExecutor-2] DEBUG org.red5.demos.oflaDemo.DemoService - -------
2015-12-13 18:36:51,562 [RTMPConnectionExecutor-2] DEBUG org.red5.demos.oflaDemo.DemoService - flvName: stream1450002751898.flv
2015-12-13 18:36:51,565 [RTMPConnectionExecutor-2] DEBUG org.red5.demos.oflaDemo.DemoService - lastModified date: 13/12/15 18:36:41
2015-12-13 18:36:51,566 [RTMPConnectionExecutor-2] DEBUG org.red5.demos.oflaDemo.DemoService - flvBytes: 162246
2015-12-13 18:36:51,566 [RTMPConnectionExecutor-2] DEBUG org.red5.demos.oflaDemo.DemoService - -------
2015-12-13 18:43:41,579 [RTMPConnectionExecutor-2] DEBUG org.red5.demos.oflaDemo.DemoService - Getting the media files
2015-12-13 18:43:41,583 [RTMPConnectionExecutor-2] DEBUG org.red5.demos.oflaDemo.DemoService - flvName: red5RecordDemo5683.flv
2015-12-13 18:43:41,584 [RTMPConnectionExecutor-2] DEBUG org.red5.demos.oflaDemo.DemoService - lastModified date: 13/12/15 18:28:11
2015-12-13 18:43:41,584 [RTMPConnectionExecutor-2] DEBUG org.red5.demos.oflaDemo.DemoService - flvBytes: 114182
2015-12-13 18:43:41,584 [RTMPConnectionExecutor-2] DEBUG org.red5.demos.oflaDemo.DemoService - -------
2015-12-13 18:43:41,585 [RTMPConnectionExecutor-2] DEBUG org.red5.demos.oflaDemo.DemoService - flvName: stream1450002751898.flv
2015-12-13 18:43:41,586 [RTMPConnectionExecutor-2] DEBUG org.red5.demos.oflaDemo.DemoService - lastModified date: 13/12/15 18:36:41
2015-12-13 18:43:41,586 [RTMPConnectionExecutor-2] DEBUG org.red5.demos.oflaDemo.DemoService - flvBytes: 162246
2015-12-13 18:43:41,586 [RTMPConnectionExecutor-2] DEBUG org.red5.demos.oflaDemo.DemoService - -------
2015-12-13 18:45:59,467 [RTMPConnectionExecutor-4] DEBUG org.red5.demos.oflaDemo.DemoService - Getting the media files
2015-12-13 18:45:59,471 [RTMPConnectionExecutor-4] DEBUG org.red5.demos.oflaDemo.DemoService - flvName: red5RecordDemo5683.flv
2015-12-13 18:45:59,471 [RTMPConnectionExecutor-4] DEBUG org.red5.demos.oflaDemo.DemoService - lastModified date: 13/12/15 18:28:11
2015-12-13 18:45:59,471 [RTMPConnectionExecutor-4] DEBUG org.red5.demos.oflaDemo.DemoService - flvBytes: 114182
2015-12-13 18:45:59,471 [RTMPConnectionExecutor-4] DEBUG org.red5.demos.oflaDemo.DemoService - -------
2015-12-13 18:48:32,884 [RTMPConnectionExecutor-4] DEBUG org.red5.demos.oflaDemo.DemoService - Getting the media files
2015-12-13 18:48:32,888 [RTMPConnectionExecutor-4] DEBUG org.red5.demos.oflaDemo.DemoService - flvName: stream1450003571481.flv
2015-12-13 18:48:32,888 [RTMPConnectionExecutor-4] DEBUG org.red5.demos.oflaDemo.DemoService - lastModified date: 13/12/15 18:46:59
2015-12-13 18:48:32,888 [RTMPConnectionExecutor-4] DEBUG org.red5.demos.oflaDemo.DemoService - flvBytes: 211087
2015-12-13 18:48:32,888 [RTMPConnectionExecutor-4] DEBUG org.red5.demos.oflaDemo.DemoService - -------
2015-12-13 18:48:32,890 [RTMPConnectionExecutor-4] DEBUG org.red5.demos.oflaDemo.DemoService - flvName: red5RecordDemo5683.flv
2015-12-13 18:48:32,890 [RTMPConnectionExecutor-4] DEBUG org.red5.demos.oflaDemo.DemoService - lastModified date: 13/12/15 18:28:11
2015-12-13 18:48:32,890 [RTMPConnectionExecutor-4] DEBUG org.red5.demos.oflaDemo.DemoService - flvBytes: 114182
2015-12-13 18:48:32,890 [RTMPConnectionExecutor-4] DEBUG org.red5.demos.oflaDemo.DemoService - -------
2015-12-13 20:31:16,341 [RTMPConnectionExecutor-3] DEBUG org.red5.demos.oflaDemo.DemoService - Getting the media files
2015-12-13 20:31:16,343 [RTMPConnectionExecutor-3] DEBUG org.red5.demos.oflaDemo.DemoService - flvName: stream1450003571481.flv
2015-12-13 20:31:16,343 [RTMPConnectionExecutor-3] DEBUG org.red5.demos.oflaDemo.DemoService - lastModified date: 13/12/15 18:46:59
2015-12-13 20:31:16,343 [RTMPConnectionExecutor-3] DEBUG org.red5.demos.oflaDemo.DemoService - flvBytes: 211087
2015-12-13 20:31:16,343 [RTMPConnectionExecutor-3] DEBUG org.red5.demos.oflaDemo.DemoService - -------
2015-12-13 20:31:16,345 [RTMPConnectionExecutor-3] DEBUG org.red5.demos.oflaDemo.DemoService - flvName: red5RecordDemo5683.flv
2015-12-13 20:31:16,345 [RTMPConnectionExecutor-3] DEBUG org.red5.demos.oflaDemo.DemoService - lastModified date: 13/12/15 18:28:11
2015-12-13 20:31:16,345 [RTMPConnectionExecutor-3] DEBUG org.red5.demos.oflaDemo.DemoService - flvBytes: 114182
2015-12-13 20:31:16,345 [RTMPConnectionExecutor-3] DEBUG org.red5.demos.oflaDemo.DemoService - -------
2015-12-13 20:39:50,169 [RTMPConnectionExecutor-4] DEBUG org.red5.demos.oflaDemo.DemoService - Getting the media files
2015-12-13 20:39:50,174 [RTMPConnectionExecutor-4] DEBUG org.red5.demos.oflaDemo.DemoService - flvName: stream1450003571481.flv
2015-12-13 20:39:50,174 [RTMPConnectionExecutor-4] DEBUG org.red5.demos.oflaDemo.DemoService - lastModified date: 13/12/15 18:46:59
2015-12-13 20:39:50,174 [RTMPConnectionExecutor-4] DEBUG org.red5.demos.oflaDemo.DemoService - flvBytes: 211087
2015-12-13 20:39:50,174 [RTMPConnectionExecutor-4] DEBUG org.red5.demos.oflaDemo.DemoService - -------
2015-12-13 20:39:50,176 [RTMPConnectionExecutor-4] DEBUG org.red5.demos.oflaDemo.DemoService - flvName: red5RecordDemo52277.flv
2015-12-13 20:39:50,176 [RTMPConnectionExecutor-4] DEBUG org.red5.demos.oflaDemo.DemoService - lastModified date: 13/12/15 20:38:28
2015-12-13 20:39:50,176 [RTMPConnectionExecutor-4] DEBUG org.red5.demos.oflaDemo.DemoService - flvBytes: 246998
2015-12-13 20:39:50,176 [RTMPConnectionExecutor-4] DEBUG org.red5.demos.oflaDemo.DemoService - -------
2015-12-13 20:39:50,177 [RTMPConnectionExecutor-4] DEBUG org.red5.demos.oflaDemo.DemoService - flvName: red5RecordDemo5683.flv
2015-12-13 20:39:50,177 [RTMPConnectionExecutor-4] DEBUG org.red5.demos.oflaDemo.DemoService - lastModified date: 13/12/15 18:28:11
2015-12-13 20:39:50,177 [RTMPConnectionExecutor-4] DEBUG org.red5.demos.oflaDemo.DemoService - flvBytes: 114182
2015-12-13 20:39:50,177 [RTMPConnectionExecutor-4] DEBUG org.red5.demos.oflaDemo.DemoService - -------
2015-12-13 20:43:00,084 [RTMPConnectionExecutor-3] DEBUG org.red5.demos.oflaDemo.DemoService - Getting the media files
2015-12-13 20:43:00,086 [RTMPConnectionExecutor-3] DEBUG org.red5.demos.oflaDemo.DemoService - flvName: stream1450003571481.flv
2015-12-13 20:43:00,086 [RTMPConnectionExecutor-3] DEBUG org.red5.demos.oflaDemo.DemoService - lastModified date: 13/12/15 18:46:59
2015-12-13 20:43:00,086 [RTMPConnectionExecutor-3] DEBUG org.red5.demos.oflaDemo.DemoService - flvBytes: 211087
2015-12-13 20:43:00,086 [RTMPConnectionExecutor-3] DEBUG org.red5.demos.oflaDemo.DemoService - -------
2015-12-13 20:43:00,087 [RTMPConnectionExecutor-3] DEBUG org.red5.demos.oflaDemo.DemoService - flvName: red5RecordDemo52277.flv
2015-12-13 20:43:00,087 [RTMPConnectionExecutor-3] DEBUG org.red5.demos.oflaDemo.DemoService - lastModified date: 13/12/15 20:38:28
2015-12-13 20:43:00,087 [RTMPConnectionExecutor-3] DEBUG org.red5.demos.oflaDemo.DemoService - flvBytes: 246998
2015-12-13 20:43:00,087 [RTMPConnectionExecutor-3] DEBUG org.red5.demos.oflaDemo.DemoService - -------
2015-12-13 20:43:00,088 [RTMPConnectionExecutor-3] DEBUG org.red5.demos.oflaDemo.DemoService - flvName: red5RecordDemo5683.flv
2015-12-13 20:43:00,088 [RTMPConnectionExecutor-3] DEBUG org.red5.demos.oflaDemo.DemoService - lastModified date: 13/12/15 18:28:11
2015-12-13 20:43:00,088 [RTMPConnectionExecutor-3] DEBUG org.red5.demos.oflaDemo.DemoService - flvBytes: 114182
2015-12-13 20:43:00,088 [RTMPConnectionExecutor-3] DEBUG org.red5.demos.oflaDemo.DemoService - -------
